app/build/intermediates/manifest_merge_blame_file/debug/manifest-merger-blame-debug-report.txt
1<?xml version="1.0" encoding="utf-8"?>
2<manifest xmlns:android="http://schemas.android.com/apk/res/android"
3    package="com.superapp.tingtongapp.composetutorial"
4    android:versionCode="1"
5    android:versionName="1.0" >
6
7    <uses-sdk
8        android:minSdkVersion="25"
8-->src\main\AndroidManifest.xml
9        android:targetSdkVersion="33" />
9-->src\main\AndroidManifest.xml
10
11    <uses-permission android:name="android.permission.INTERNET" />
11-->src\main\AndroidManifest.xml:4:5-66
11-->src\main\AndroidManifest.xml:4:22-64
12
13    <permission
13-->[androidx.core:core:1.9.0] AndroidManifest.xml:22:5-24:47
14        android:name="com.superapp.tingtongapp.composetutorial.DYNAMIC_RECEIVER_NOT_EXPORTED_PERMISSION"
14-->[androidx.core:core:1.9.0] AndroidManifest.xml:23:9-81
15        android:protectionLevel="signature" />
15-->[androidx.core:core:1.9.0] AndroidManifest.xml:24:9-44
16
17    <uses-permission android:name="com.superapp.tingtongapp.composetutorial.DYNAMIC_RECEIVER_NOT_EXPORTED_PERMISSION" />
17-->[androidx.core:core:1.9.0] AndroidManifest.xml:26:5-97
17-->[androidx.core:core:1.9.0] AndroidManifest.xml:26:22-94
18
19    <application
19-->src\main\AndroidManifest.xml:6:5-32:19
20        android:name="com.superapp.tingtongapp.composetutorial.di.ApplicationClass"
20-->src\main\AndroidManifest.xml:7:9-44
21        android:allowBackup="true"
21-->src\main\AndroidManifest.xml:8:9-35
22        android:appComponentFactory="androidx.core.app.CoreComponentFactory"
22-->[androidx.core:core:1.9.0] AndroidManifest.xml:28:18-86
23        android:dataExtractionRules="@xml/data_extraction_rules"
23-->src\main\AndroidManifest.xml:9:9-65
24        android:debuggable="true"
25        android:extractNativeLibs="false"
26        android:fullBackupContent="@xml/backup_rules"
26-->src\main\AndroidManifest.xml:10:9-54
27        android:icon="@mipmap/ic_launcher"
27-->src\main\AndroidManifest.xml:11:9-43
28        android:label="@string/app_name"
28-->src\main\AndroidManifest.xml:12:9-41
29        android:roundIcon="@mipmap/ic_launcher_round"
29-->src\main\AndroidManifest.xml:13:9-54
30        android:supportsRtl="true"
30-->src\main\AndroidManifest.xml:14:9-35
31        android:testOnly="true"
32        android:theme="@style/Theme.ComposeTutorial" >
32-->src\main\AndroidManifest.xml:15:9-53
33        <activity
33-->src\main\AndroidManifest.xml:17:9-31:20
34            android:name="com.superapp.tingtongapp.composetutorial.MainActivity"
34-->src\main\AndroidManifest.xml:18:13-41
35            android:exported="true"
35-->src\main\AndroidManifest.xml:19:13-36
36            android:label="@string/app_name"
36-->src\main\AndroidManifest.xml:20:13-45
37            android:theme="@style/Theme.ComposeTutorial" >
37-->src\main\AndroidManifest.xml:21:13-57
38            <intent-filter>
38-->src\main\AndroidManifest.xml:22:13-26:29
39                <action android:name="android.intent.action.MAIN" />
39-->src\main\AndroidManifest.xml:23:17-69
39-->src\main\AndroidManifest.xml:23:25-66
40
41                <category android:name="android.intent.category.LAUNCHER" />
41-->src\main\AndroidManifest.xml:25:17-77
41-->src\main\AndroidManifest.xml:25:27-74
42            </intent-filter>
43
44            <meta-data
44-->src\main\AndroidManifest.xml:28:13-30:36
45                android:name="android.app.lib_name"
45-->src\main\AndroidManifest.xml:29:17-52
46                android:value="" />
46-->src\main\AndroidManifest.xml:30:17-33
47        </activity>
48        <activity
48-->[androidx.compose.ui:ui-tooling:1.1.1] AndroidManifest.xml:25:9-27:39
49            android:name="androidx.compose.ui.tooling.PreviewActivity"
49-->[androidx.compose.ui:ui-tooling:1.1.1] AndroidManifest.xml:26:13-71
50            android:exported="true" />
50-->[androidx.compose.ui:ui-tooling:1.1.1] AndroidManifest.xml:27:13-36
51        <activity
51-->[androidx.compose.ui:ui-test-manifest:1.1.1] AndroidManifest.xml:25:9-27:39
52            android:name="androidx.activity.ComponentActivity"
52-->[androidx.compose.ui:ui-test-manifest:1.1.1] AndroidManifest.xml:26:13-63
53            android:exported="true" />
53-->[androidx.compose.ui:ui-test-manifest:1.1.1] AndroidManifest.xml:27:13-36
54
55        <provider
55-->[androidx.profileinstaller:profileinstaller:1.2.0] AndroidManifest.xml:25:9-33:20
56            android:name="androidx.startup.InitializationProvider"
56-->[androidx.profileinstaller:profileinstaller:1.2.0] AndroidManifest.xml:26:13-67
57            android:authorities="com.superapp.tingtongapp.composetutorial.androidx-startup"
57-->[androidx.profileinstaller:profileinstaller:1.2.0] AndroidManifest.xml:27:13-68
58            android:exported="false" >
58-->[androidx.profileinstaller:profileinstaller:1.2.0] AndroidManifest.xml:28:13-37
59            <meta-data
59-->[androidx.profileinstaller:profileinstaller:1.2.0] AndroidManifest.xml:30:13-32:52
60                android:name="androidx.profileinstaller.ProfileInstallerInitializer"
60-->[androidx.profileinstaller:profileinstaller:1.2.0] AndroidManifest.xml:31:17-85
61                android:value="androidx.startup" />
61-->[androidx.profileinstaller:profileinstaller:1.2.0] AndroidManifest.xml:32:17-49
62        </provider>
63
64        <receiver
64-->[androidx.profileinstaller:profileinstaller:1.2.0] AndroidManifest.xml:35:9-47:20
65            android:name="androidx.profileinstaller.ProfileInstallReceiver"
65-->[androidx.profileinstaller:profileinstaller:1.2.0] AndroidManifest.xml:36:13-76
66            android:directBootAware="false"
66-->[androidx.profileinstaller:profileinstaller:1.2.0] AndroidManifest.xml:37:13-44
67            android:enabled="true"
67-->[androidx.profileinstaller:profileinstaller:1.2.0] AndroidManifest.xml:38:13-35
68            android:exported="true"
68-->[androidx.profileinstaller:profileinstaller:1.2.0] AndroidManifest.xml:39:13-36
69            android:permission="android.permission.DUMP" >
69-->[androidx.profileinstaller:profileinstaller:1.2.0] AndroidManifest.xml:40:13-57
70            <intent-filter>
70-->[androidx.profileinstaller:profileinstaller:1.2.0] AndroidManifest.xml:41:13-43:29
71                <action android:name="androidx.profileinstaller.action.INSTALL_PROFILE" />
71-->[androidx.profileinstaller:profileinstaller:1.2.0] AndroidManifest.xml:42:17-91
71-->[androidx.profileinstaller:profileinstaller:1.2.0] AndroidManifest.xml:42:25-88
72            </intent-filter>
73            <intent-filter>
73-->[androidx.profileinstaller:profileinstaller:1.2.0] AndroidManifest.xml:44:13-46:29
74                <action android:name="androidx.profileinstaller.action.SKIP_FILE" />
74-->[androidx.profileinstaller:profileinstaller:1.2.0] AndroidManifest.xml:45:17-85
74-->[androidx.profileinstaller:profileinstaller:1.2.0] AndroidManifest.xml:45:25-82
75            </intent-filter>
76        </receiver>
77    </application>
78
79</manifest>